<?xml version="1.0" encoding="UTF-8"?>
<!-- Generated by org.testng.reporters.JUnitReportReporter -->
<testsuite skipped="0" hostname="developer" name="test.CTLoginTest" tests="1" failures="0" timestamp="29 Sep 2018 05:42:27 GMT" time="1.825" errors="0">
  <testcase name="enterLoginPageValues" time="1.825" classname="test.CTLoginTest"/>
</testsuite> <!-- test.CTLoginTest -->
